FATAL [Thread-7] 2018-11-05 10:45:03,134 repast.simphony.ui.GUIScheduleRunner - RunTimeException when running the schedule
Current tick (261.0)
java.lang.IndexOutOfBoundsException: Index: 1, Size: 0
	at java.util.ArrayList.rangeCheckForAdd(Unknown Source)
	at java.util.ArrayList.add(Unknown Source)
	at slenderMan.Tower.doAlgothirtm(Tower.java:217)
	at slenderMan.Tower$WatchGame.action(Tower.java:70)
	at sajas.core.behaviours.Behaviour.actionWrapper(Behaviour.java:341)
	at sajas.core.Agent.step(Agent.java:205)
	at sajas.sim.repasts.AgentAction.execute(AgentAction.java:69)
	at repast.simphony.engine.schedule.DefaultAction.execute(DefaultAction.java:38)
	at repast.simphony.engine.schedule.ScheduleGroup.executeList(ScheduleGroup.java:205)
	at repast.simphony.engine.schedule.ScheduleGroup.execute(ScheduleGroup.java:231)
	at repast.simphony.engine.schedule.Schedule.execute(Schedule.java:352)
	at repast.simphony.ui.GUIScheduleRunner$ScheduleLoopRunnable.run(GUIScheduleRunner.java:52)
	at java.lang.Thread.run(Unknown Source)
FATAL [Thread-7] 2018-11-05 11:23:51,772 repast.simphony.ui.GUIScheduleRunner - RunTimeException when running the schedule
Current tick (103.0)
java.lang.NullPointerException
	at slenderMan.Tower.doAlgothirtm(Tower.java:218)
	at slenderMan.Tower$WatchGame.action(Tower.java:71)
	at sajas.core.behaviours.Behaviour.actionWrapper(Behaviour.java:341)
	at sajas.core.Agent.step(Agent.java:205)
	at sajas.sim.repasts.AgentAction.execute(AgentAction.java:69)
	at repast.simphony.engine.schedule.DefaultAction.execute(DefaultAction.java:38)
	at repast.simphony.engine.schedule.ScheduleGroup.executeList(ScheduleGroup.java:205)
	at repast.simphony.engine.schedule.ScheduleGroup.execute(ScheduleGroup.java:231)
	at repast.simphony.engine.schedule.Schedule.execute(Schedule.java:352)
	at repast.simphony.ui.GUIScheduleRunner$ScheduleLoopRunnable.run(GUIScheduleRunner.java:52)
	at java.lang.Thread.run(Unknown Source)
FATAL [Thread-7] 2018-11-05 11:26:07,057 repast.simphony.ui.GUIScheduleRunner - RunTimeException when running the schedule
Current tick (194.0)
java.lang.IndexOutOfBoundsException: Index: 2, Size: 0
	at java.util.ArrayList.rangeCheckForAdd(Unknown Source)
	at java.util.ArrayList.add(Unknown Source)
	at slenderMan.Player.storeDevicesToTurnOff(Player.java:611)
	at slenderMan.Player$ListeningBehaviour.action(Player.java:587)
	at sajas.core.behaviours.Behaviour.actionWrapper(Behaviour.java:341)
	at sajas.core.Agent.step(Agent.java:205)
	at sajas.sim.repasts.AgentAction.execute(AgentAction.java:69)
	at repast.simphony.engine.schedule.DefaultAction.execute(DefaultAction.java:38)
	at repast.simphony.engine.schedule.ScheduleGroup.executeList(ScheduleGroup.java:205)
	at repast.simphony.engine.schedule.ScheduleGroup.execute(ScheduleGroup.java:231)
	at repast.simphony.engine.schedule.Schedule.execute(Schedule.java:352)
	at repast.simphony.ui.GUIScheduleRunner$ScheduleLoopRunnable.run(GUIScheduleRunner.java:52)
	at java.lang.Thread.run(Unknown Source)
FATAL [Thread-7] 2018-11-05 12:06:11,850 repast.simphony.ui.GUIScheduleRunner - RunTimeException when running the schedule
Current tick (280.0)
java.lang.UnsupportedOperationException
	at java.util.AbstractList.remove(Unknown Source)
	at slenderMan.Player.checkDestiny(Player.java:248)
	at slenderMan.Player.move(Player.java:205)
	at slenderMan.Player$Exploring.actingMove(Player.java:527)
	at slenderMan.Player$Exploring.action(Player.java:493)
	at sajas.core.behaviours.Behaviour.actionWrapper(Behaviour.java:341)
	at sajas.core.Agent.step(Agent.java:205)
	at sajas.sim.repasts.AgentAction.execute(AgentAction.java:69)
	at repast.simphony.engine.schedule.DefaultAction.execute(DefaultAction.java:38)
	at repast.simphony.engine.schedule.ScheduleGroup.executeList(ScheduleGroup.java:205)
	at repast.simphony.engine.schedule.ScheduleGroup.execute(ScheduleGroup.java:231)
	at repast.simphony.engine.schedule.Schedule.execute(Schedule.java:352)
	at repast.simphony.ui.GUIScheduleRunner$ScheduleLoopRunnable.run(GUIScheduleRunner.java:52)
	at java.lang.Thread.run(Unknown Source)
FATAL [Thread-8] 2018-11-05 12:09:11,390 repast.simphony.ui.GUIScheduleRunner - RunTimeException when running the schedule
Current tick (200.0)
java.lang.UnsupportedOperationException
	at java.util.AbstractList.remove(Unknown Source)
	at slenderMan.Player.checkDestiny(Player.java:248)
	at slenderMan.Player.move(Player.java:205)
	at slenderMan.Player$Exploring.actingMove(Player.java:527)
	at slenderMan.Player$Exploring.action(Player.java:493)
	at sajas.core.behaviours.Behaviour.actionWrapper(Behaviour.java:341)
	at sajas.core.Agent.step(Agent.java:205)
	at sajas.sim.repasts.AgentAction.execute(AgentAction.java:69)
	at repast.simphony.engine.schedule.DefaultAction.execute(DefaultAction.java:38)
	at repast.simphony.engine.schedule.ScheduleGroup.executeList(ScheduleGroup.java:205)
	at repast.simphony.engine.schedule.ScheduleGroup.execute(ScheduleGroup.java:231)
	at repast.simphony.engine.schedule.Schedule.execute(Schedule.java:352)
	at repast.simphony.ui.GUIScheduleRunner$ScheduleLoopRunnable.run(GUIScheduleRunner.java:52)
	at java.lang.Thread.run(Unknown Source)
FATAL [Thread-7] 2018-11-05 12:17:46,278 repast.simphony.ui.GUIScheduleRunner - RunTimeException when running the schedule
Current tick (149.0)
java.lang.UnsupportedOperationException
	at java.util.AbstractList.remove(Unknown Source)
	at slenderMan.Player.checkDestiny(Player.java:249)
	at slenderMan.Player.move(Player.java:205)
	at slenderMan.Player$Exploring.actingMove(Player.java:529)
	at slenderMan.Player$Exploring.action(Player.java:495)
	at sajas.core.behaviours.Behaviour.actionWrapper(Behaviour.java:341)
	at sajas.core.Agent.step(Agent.java:205)
	at sajas.sim.repasts.AgentAction.execute(AgentAction.java:69)
	at repast.simphony.engine.schedule.DefaultAction.execute(DefaultAction.java:38)
	at repast.simphony.engine.schedule.ScheduleGroup.executeList(ScheduleGroup.java:205)
	at repast.simphony.engine.schedule.ScheduleGroup.execute(ScheduleGroup.java:231)
	at repast.simphony.engine.schedule.Schedule.execute(Schedule.java:352)
	at repast.simphony.ui.GUIScheduleRunner$ScheduleLoopRunnable.run(GUIScheduleRunner.java:52)
	at java.lang.Thread.run(Unknown Source)
FATAL [Thread-7] 2018-11-05 12:19:53,299 repast.simphony.ui.GUIScheduleRunner - RunTimeException when running the schedule
Current tick (197.0)
java.lang.UnsupportedOperationException
	at java.util.AbstractList.remove(Unknown Source)
	at slenderMan.Player.checkDestiny(Player.java:250)
	at slenderMan.Player.move(Player.java:205)
	at slenderMan.Player$Exploring.actingMove(Player.java:531)
	at slenderMan.Player$Exploring.action(Player.java:497)
	at sajas.core.behaviours.Behaviour.actionWrapper(Behaviour.java:341)
	at sajas.core.Agent.step(Agent.java:205)
	at sajas.sim.repasts.AgentAction.execute(AgentAction.java:69)
	at repast.simphony.engine.schedule.DefaultAction.execute(DefaultAction.java:38)
	at repast.simphony.engine.schedule.ScheduleGroup.executeList(ScheduleGroup.java:205)
	at repast.simphony.engine.schedule.ScheduleGroup.execute(ScheduleGroup.java:231)
	at repast.simphony.engine.schedule.Schedule.execute(Schedule.java:352)
	at repast.simphony.ui.GUIScheduleRunner$ScheduleLoopRunnable.run(GUIScheduleRunner.java:52)
	at java.lang.Thread.run(Unknown Source)
