2018-10-31 11:29:38,999 - SimpleLog4JLogSystem initialized using logfile 'velocity.log'
2018-10-31 11:29:38,999 - ************************************************************** 
2018-10-31 11:29:38,999 - Starting Jakarta Velocity v1.4
2018-10-31 11:29:38,999 - RuntimeInstance initializing.
2018-10-31 11:29:38,999 - Default Properties File: org\apache\velocity\runtime\defaults\velocity.properties
2018-10-31 11:29:38,999 - Trying to use logger class org.apache.velocity.runtime.log.SimpleLog4JLogSystem
2018-10-31 11:29:38,999 - Using logger class org.apache.velocity.runtime.log.SimpleLog4JLogSystem
2018-10-31 11:29:39,007 - Default ResourceManager initializing. (class org.apache.velocity.runtime.resource.ResourceManagerImpl)
2018-10-31 11:29:39,014 - Resource Loader Instantiated: org.apache.velocity.runtime.resource.loader.ClasspathResourceLoader
2018-10-31 11:29:39,014 - ClasspathResourceLoader : initialization starting.
2018-10-31 11:29:39,014 - ClasspathResourceLoader : initialization complete.
2018-10-31 11:29:39,019 - ResourceCache : initialized. (class org.apache.velocity.runtime.resource.ResourceCacheImpl)
2018-10-31 11:29:39,019 - Default ResourceManager initialization complete.
2018-10-31 11:29:39,027 - Loaded System Directive: org.apache.velocity.runtime.directive.Literal
2018-10-31 11:29:39,031 - Loaded System Directive: org.apache.velocity.runtime.directive.Macro
2018-10-31 11:29:39,037 - Loaded System Directive: org.apache.velocity.runtime.directive.Parse
2018-10-31 11:29:39,041 - Loaded System Directive: org.apache.velocity.runtime.directive.Include
2018-10-31 11:29:39,044 - Loaded System Directive: org.apache.velocity.runtime.directive.Foreach
2018-10-31 11:29:39,092 - Created: 20 parsers.
2018-10-31 11:29:39,113 - Velocimacro : initialization starting.
2018-10-31 11:29:39,113 - Velocimacro : adding VMs from VM library template : VM_global_library.vm
2018-10-31 11:29:39,133 - ResourceManager : unable to find resource 'VM_global_library.vm' in any resource loader.
2018-10-31 11:29:39,133 - Velocimacro : error using  VM library template VM_global_library.vm : org.apache.velocity.exception.ResourceNotFoundException: Unable to find resource 'VM_global_library.vm'
2018-10-31 11:29:39,134 - Velocimacro :  VM library template macro registration complete.
2018-10-31 11:29:39,134 - Velocimacro : allowInline = true : VMs can be defined inline in templates
2018-10-31 11:29:39,134 - Velocimacro : allowInlineToOverride = false : VMs defined inline may NOT replace previous VM definitions
2018-10-31 11:29:39,134 - Velocimacro : allowInlineLocal = false : VMs defined inline will be  global in scope if allowed.
2018-10-31 11:29:39,134 - Velocimacro : messages on  : VM system will output logging messages
2018-10-31 11:29:39,134 - Velocimacro : autoload off  : VM system will not automatically reload global library macros
2018-10-31 11:29:39,134 - Velocimacro : initialization complete.
2018-10-31 11:29:39,134 - Velocity successfully started.
2018-10-31 11:36:10,664 - SimpleLog4JLogSystem initialized using logfile 'velocity.log'
2018-10-31 11:36:10,665 - ************************************************************** 
2018-10-31 11:36:10,665 - Starting Jakarta Velocity v1.4
2018-10-31 11:36:10,665 - RuntimeInstance initializing.
2018-10-31 11:36:10,665 - Default Properties File: org\apache\velocity\runtime\defaults\velocity.properties
2018-10-31 11:36:10,665 - Trying to use logger class org.apache.velocity.runtime.log.SimpleLog4JLogSystem
2018-10-31 11:36:10,665 - Using logger class org.apache.velocity.runtime.log.SimpleLog4JLogSystem
2018-10-31 11:36:10,686 - Default ResourceManager initializing. (class org.apache.velocity.runtime.resource.ResourceManagerImpl)
2018-10-31 11:36:10,707 - Resource Loader Instantiated: org.apache.velocity.runtime.resource.loader.ClasspathResourceLoader
2018-10-31 11:36:10,708 - ClasspathResourceLoader : initialization starting.
2018-10-31 11:36:10,708 - ClasspathResourceLoader : initialization complete.
2018-10-31 11:36:10,722 - ResourceCache : initialized. (class org.apache.velocity.runtime.resource.ResourceCacheImpl)
2018-10-31 11:36:10,722 - Default ResourceManager initialization complete.
2018-10-31 11:36:10,740 - Loaded System Directive: org.apache.velocity.runtime.directive.Literal
2018-10-31 11:36:10,754 - Loaded System Directive: org.apache.velocity.runtime.directive.Macro
2018-10-31 11:36:10,774 - Loaded System Directive: org.apache.velocity.runtime.directive.Parse
2018-10-31 11:36:10,787 - Loaded System Directive: org.apache.velocity.runtime.directive.Include
2018-10-31 11:36:10,793 - Loaded System Directive: org.apache.velocity.runtime.directive.Foreach
2018-10-31 11:36:10,911 - Created: 20 parsers.
2018-10-31 11:36:10,962 - Velocimacro : initialization starting.
2018-10-31 11:36:10,962 - Velocimacro : adding VMs from VM library template : VM_global_library.vm
2018-10-31 11:36:10,997 - ResourceManager : unable to find resource 'VM_global_library.vm' in any resource loader.
2018-10-31 11:36:10,997 - Velocimacro : error using  VM library template VM_global_library.vm : org.apache.velocity.exception.ResourceNotFoundException: Unable to find resource 'VM_global_library.vm'
2018-10-31 11:36:10,997 - Velocimacro :  VM library template macro registration complete.
2018-10-31 11:36:10,997 - Velocimacro : allowInline = true : VMs can be defined inline in templates
2018-10-31 11:36:10,997 - Velocimacro : allowInlineToOverride = false : VMs defined inline may NOT replace previous VM definitions
2018-10-31 11:36:10,997 - Velocimacro : allowInlineLocal = false : VMs defined inline will be  global in scope if allowed.
2018-10-31 11:36:10,997 - Velocimacro : messages on  : VM system will output logging messages
2018-10-31 11:36:10,997 - Velocimacro : autoload off  : VM system will not automatically reload global library macros
2018-10-31 11:36:10,997 - Velocimacro : initialization complete.
2018-10-31 11:36:10,997 - Velocity successfully started.
2018-10-31 11:38:58,960 - SimpleLog4JLogSystem initialized using logfile 'velocity.log'
2018-10-31 11:38:58,961 - ************************************************************** 
2018-10-31 11:38:58,961 - Starting Jakarta Velocity v1.4
2018-10-31 11:38:58,961 - RuntimeInstance initializing.
2018-10-31 11:38:58,961 - Default Properties File: org\apache\velocity\runtime\defaults\velocity.properties
2018-10-31 11:38:58,961 - Trying to use logger class org.apache.velocity.runtime.log.SimpleLog4JLogSystem
2018-10-31 11:38:58,961 - Using logger class org.apache.velocity.runtime.log.SimpleLog4JLogSystem
2018-10-31 11:38:58,968 - Default ResourceManager initializing. (class org.apache.velocity.runtime.resource.ResourceManagerImpl)
2018-10-31 11:38:58,975 - Resource Loader Instantiated: org.apache.velocity.runtime.resource.loader.ClasspathResourceLoader
2018-10-31 11:38:58,975 - ClasspathResourceLoader : initialization starting.
2018-10-31 11:38:58,975 - ClasspathResourceLoader : initialization complete.
2018-10-31 11:38:58,979 - ResourceCache : initialized. (class org.apache.velocity.runtime.resource.ResourceCacheImpl)
2018-10-31 11:38:58,979 - Default ResourceManager initialization complete.
2018-10-31 11:38:58,987 - Loaded System Directive: org.apache.velocity.runtime.directive.Literal
2018-10-31 11:38:58,991 - Loaded System Directive: org.apache.velocity.runtime.directive.Macro
2018-10-31 11:38:58,997 - Loaded System Directive: org.apache.velocity.runtime.directive.Parse
2018-10-31 11:38:59,001 - Loaded System Directive: org.apache.velocity.runtime.directive.Include
2018-10-31 11:38:59,003 - Loaded System Directive: org.apache.velocity.runtime.directive.Foreach
2018-10-31 11:38:59,052 - Created: 20 parsers.
2018-10-31 11:38:59,072 - Velocimacro : initialization starting.
2018-10-31 11:38:59,072 - Velocimacro : adding VMs from VM library template : VM_global_library.vm
2018-10-31 11:38:59,093 - ResourceManager : unable to find resource 'VM_global_library.vm' in any resource loader.
2018-10-31 11:38:59,093 - Velocimacro : error using  VM library template VM_global_library.vm : org.apache.velocity.exception.ResourceNotFoundException: Unable to find resource 'VM_global_library.vm'
2018-10-31 11:38:59,093 - Velocimacro :  VM library template macro registration complete.
2018-10-31 11:38:59,093 - Velocimacro : allowInline = true : VMs can be defined inline in templates
2018-10-31 11:38:59,094 - Velocimacro : allowInlineToOverride = false : VMs defined inline may NOT replace previous VM definitions
2018-10-31 11:38:59,094 - Velocimacro : allowInlineLocal = false : VMs defined inline will be  global in scope if allowed.
2018-10-31 11:38:59,094 - Velocimacro : messages on  : VM system will output logging messages
2018-10-31 11:38:59,094 - Velocimacro : autoload off  : VM system will not automatically reload global library macros
2018-10-31 11:38:59,094 - Velocimacro : initialization complete.
2018-10-31 11:38:59,094 - Velocity successfully started.
2018-10-31 11:40:30,778 - SimpleLog4JLogSystem initialized using logfile 'velocity.log'
2018-10-31 11:40:30,778 - ************************************************************** 
2018-10-31 11:40:30,778 - Starting Jakarta Velocity v1.4
2018-10-31 11:40:30,778 - RuntimeInstance initializing.
2018-10-31 11:40:30,778 - Default Properties File: org\apache\velocity\runtime\defaults\velocity.properties
2018-10-31 11:40:30,778 - Trying to use logger class org.apache.velocity.runtime.log.SimpleLog4JLogSystem
2018-10-31 11:40:30,778 - Using logger class org.apache.velocity.runtime.log.SimpleLog4JLogSystem
2018-10-31 11:40:30,794 - Default ResourceManager initializing. (class org.apache.velocity.runtime.resource.ResourceManagerImpl)
2018-10-31 11:40:30,809 - Resource Loader Instantiated: org.apache.velocity.runtime.resource.loader.ClasspathResourceLoader
2018-10-31 11:40:30,809 - ClasspathResourceLoader : initialization starting.
2018-10-31 11:40:30,809 - ClasspathResourceLoader : initialization complete.
2018-10-31 11:40:30,819 - ResourceCache : initialized. (class org.apache.velocity.runtime.resource.ResourceCacheImpl)
2018-10-31 11:40:30,820 - Default ResourceManager initialization complete.
2018-10-31 11:40:30,834 - Loaded System Directive: org.apache.velocity.runtime.directive.Literal
2018-10-31 11:40:30,844 - Loaded System Directive: org.apache.velocity.runtime.directive.Macro
2018-10-31 11:40:30,859 - Loaded System Directive: org.apache.velocity.runtime.directive.Parse
2018-10-31 11:40:30,869 - Loaded System Directive: org.apache.velocity.runtime.directive.Include
2018-10-31 11:40:30,874 - Loaded System Directive: org.apache.velocity.runtime.directive.Foreach
2018-10-31 11:40:30,941 - Created: 20 parsers.
2018-10-31 11:40:30,968 - Velocimacro : initialization starting.
2018-10-31 11:40:30,969 - Velocimacro : adding VMs from VM library template : VM_global_library.vm
2018-10-31 11:40:30,993 - ResourceManager : unable to find resource 'VM_global_library.vm' in any resource loader.
2018-10-31 11:40:30,993 - Velocimacro : error using  VM library template VM_global_library.vm : org.apache.velocity.exception.ResourceNotFoundException: Unable to find resource 'VM_global_library.vm'
2018-10-31 11:40:30,993 - Velocimacro :  VM library template macro registration complete.
2018-10-31 11:40:30,993 - Velocimacro : allowInline = true : VMs can be defined inline in templates
2018-10-31 11:40:30,993 - Velocimacro : allowInlineToOverride = false : VMs defined inline may NOT replace previous VM definitions
2018-10-31 11:40:30,993 - Velocimacro : allowInlineLocal = false : VMs defined inline will be  global in scope if allowed.
2018-10-31 11:40:30,993 - Velocimacro : messages on  : VM system will output logging messages
2018-10-31 11:40:30,993 - Velocimacro : autoload off  : VM system will not automatically reload global library macros
2018-10-31 11:40:30,994 - Velocimacro : initialization complete.
2018-10-31 11:40:30,994 - Velocity successfully started.
